[2025-06-08, 16:37:35:887] error :	 Error connecting to the database: Port should be >= 0 and < 65536. Received type number (NaN).
[2025-06-08, 16:37:45:722] error :	 Error connecting to the database: Port should be >= 0 and < 65536. Received type number (NaN).
[2025-06-08, 16:37:55:180] error :	 Error connecting to the database: Port should be >= 0 and < 65536. Received type number (NaN).
[2025-06-08, 16:38:04:948] error :	 Error connecting to the database: Port should be >= 0 and < 65536. Received type number (NaN).
[2025-06-08, 16:39:01:015] info :	 Connected to the database
[2025-06-08, 16:39:01:069] info :	 SELECT _ID, USERNAME FROM users
[2025-06-08, 16:39:01:069] info :	 Result: []
[2025-06-08, 16:39:01:089] info :	 INSERT INTO users (USERNAME) VALUES (testuser) RETURNING ID
[2025-06-08, 16:39:01:093] info :	 Result: {"_id":"id_1"}
[2025-06-08, 16:39:01:099] info :	 SELECT _ID, USERNAME FROM users
[2025-06-08, 16:39:01:100] info :	 Result: [{"_id":"id_1","username":"testuser"}]
[2025-06-08, 16:39:01:107] info :	 INSERT INTO users (USERNAME) VALUES (testuser) RETURNING ID
[2025-06-08, 16:39:01:109] info :	 UNIQUE key violated
[2025-06-08, 16:39:01:121] info :	 SELECT _ID FROM users WHERE USERNAME=testuser
[2025-06-08, 16:39:01:121] info :	 Result: {"_id":"id_1"}
[2025-06-08, 16:39:01:126] info :	 INSERT INTO users (USERNAME) VALUES (nextuser) RETURNING ID
[2025-06-08, 16:39:01:128] info :	 Result: {"_id":"id_3"}
[2025-06-08, 16:39:01:134] info :	 SELECT _ID, USERNAME FROM users
[2025-06-08, 16:39:01:135] info :	 Result: [{"_id":"id_1","username":"testuser"},{"_id":"id_3","username":"nextuser"}]
[2025-06-08, 16:39:12:062] info :	 Connected to the database
[2025-06-08, 16:39:12:094] info :	 INSERT INTO users (USERNAME) VALUES (testuser) RETURNING ID
[2025-06-08, 16:39:12:108] info :	 Result: {"_id":"id_1"}
[2025-06-08, 16:39:12:123] info :	 SELECT * FROM USERS WHERE _ID=id_1
[2025-06-08, 16:39:12:123] info :	 Result: {"_id":"id_1","username":"testuser"}
[2025-06-08, 16:39:12:126] info :	 INSERT INTO exercises (USER_ID, DESCRIPTION, DURATION, DATE) VALUES (id_1, test exercise, 30, Sun Oct 01 2023) RETURNING _ID
[2025-06-08, 16:39:12:126] info :	 Result: {"_id":1}
[2025-06-08, 16:39:12:164] info :	 SELECT * FROM USERS WHERE _ID=id_1
[2025-06-08, 16:39:12:164] info :	 Result: {"_id":"id_1","username":"testuser"}
[2025-06-08, 16:39:12:166] info :	 INSERT INTO exercises (USER_ID, DESCRIPTION, DURATION, DATE) VALUES (id_1, test exercise without date, 60, Sun Jun 08 2025) RETURNING _ID
[2025-06-08, 16:39:12:166] info :	 Result: {"_id":2}
[2025-06-08, 16:39:12:189] info :	 SELECT * FROM USERS WHERE _ID=999999
[2025-06-08, 16:39:12:189] info :	 Result: undefined
[2025-06-08, 16:39:21:873] info :	 Connected to the database
[2025-06-08, 16:39:32:019] info :	 Connected to the database
[2025-06-08, 16:39:32:059] info :	 INSERT INTO users (USERNAME) VALUES (testuser) RETURNING ID
[2025-06-08, 16:39:32:074] info :	 Result: {"_id":"id_1"}
[2025-06-08, 16:39:32:091] info :	 SELECT * FROM USERS WHERE _ID=id_1
[2025-06-08, 16:39:32:091] info :	 Result: {"_id":"id_1","username":"testuser"}
[2025-06-08, 16:39:32:092] info :	 SELECT description, duration, date FROM EXERCISES WHERE USER_ID=id_1
[2025-06-08, 16:39:32:093] info :	 Result: []
[2025-06-08, 16:39:32:102] info :	 SELECT * FROM USERS WHERE _ID=id_1
[2025-06-08, 16:39:32:103] info :	 Result: {"_id":"id_1","username":"testuser"}
[2025-06-08, 16:39:32:105] info :	 INSERT INTO exercises (USER_ID, DESCRIPTION, DURATION, DATE) VALUES (id_1, Running, 30, Sun Oct 01 2023) RETURNING _ID
[2025-06-08, 16:39:32:106] info :	 Result: {"_id":1}
[2025-06-08, 16:39:32:110] info :	 SELECT * FROM USERS WHERE _ID=id_1
[2025-06-08, 16:39:32:110] info :	 Result: {"_id":"id_1","username":"testuser"}
[2025-06-08, 16:39:32:112] info :	 SELECT description, duration, date FROM EXERCISES WHERE USER_ID=id_1
[2025-06-08, 16:39:32:112] info :	 Result: [{"description":"Running","duration":30,"date":"2023-10-01T00:00:00.000Z"}]
[2025-06-08, 16:39:32:118] info :	 SELECT * FROM USERS WHERE _ID=id_1
[2025-06-08, 16:39:32:119] info :	 Result: {"_id":"id_1","username":"testuser"}
[2025-06-08, 16:39:32:121] info :	 INSERT INTO exercises (USER_ID, DESCRIPTION, DURATION, DATE) VALUES (id_1, Swimming, 45, Fri Oct 01 1999) RETURNING _ID
[2025-06-08, 16:39:32:122] info :	 Result: {"_id":2}
[2025-06-08, 16:39:32:128] info :	 SELECT * FROM USERS WHERE _ID=id_1
[2025-06-08, 16:39:32:128] info :	 Result: {"_id":"id_1","username":"testuser"}
[2025-06-08, 16:39:32:130] info :	 INSERT INTO exercises (USER_ID, DESCRIPTION, DURATION, DATE) VALUES (id_1, Cycling, 60, Sun Jan 02 2022) RETURNING _ID
[2025-06-08, 16:39:32:130] info :	 Result: {"_id":3}
[2025-06-08, 16:39:32:134] info :	 SELECT * FROM USERS WHERE _ID=id_1
[2025-06-08, 16:39:32:134] info :	 Result: {"_id":"id_1","username":"testuser"}
[2025-06-08, 16:39:32:136] info :	 INSERT INTO exercises (USER_ID, DESCRIPTION, DURATION, DATE) VALUES (id_1, Hiking, 120, Thu Feb 03 2022) RETURNING _ID
[2025-06-08, 16:39:32:136] info :	 Result: {"_id":4}
[2025-06-08, 16:39:32:140] info :	 SELECT * FROM USERS WHERE _ID=id_1
[2025-06-08, 16:39:32:140] info :	 Result: {"_id":"id_1","username":"testuser"}
[2025-06-08, 16:39:32:142] info :	 SELECT description, duration, date FROM EXERCISES WHERE USER_ID=id_1
[2025-06-08, 16:39:32:142] info :	 Result: [{"description":"Running","duration":30,"date":"2023-10-01T00:00:00.000Z"},{"description":"Swimming","duration":45,"date":"1999-10-01T00:00:00.000Z"},{"description":"Cycling","duration":60,"date":"2022-01-02T00:00:00.000Z"},{"description":"Hiking","duration":120,"date":"2022-02-03T00:00:00.000Z"}]
[2025-06-08, 16:39:32:150] info :	 SELECT * FROM USERS WHERE _ID=id_1
[2025-06-08, 16:39:32:150] info :	 Result: {"_id":"id_1","username":"testuser"}
[2025-06-08, 16:39:32:151] info :	 SELECT description, duration, date FROM EXERCISES WHERE USER_ID=id_1 LIMIT 2
[2025-06-08, 16:39:32:151] info :	 Result: [{"description":"Running","duration":30,"date":"2023-10-01T00:00:00.000Z"},{"description":"Swimming","duration":45,"date":"1999-10-01T00:00:00.000Z"}]
[2025-06-08, 16:39:32:165] info :	 SELECT * FROM USERS WHERE _ID=id_1
[2025-06-08, 16:39:32:165] info :	 Result: {"_id":"id_1","username":"testuser"}
[2025-06-08, 16:39:32:166] info :	 SELECT description, duration, date FROM EXERCISES WHERE USER_ID=id_1 AND DATE >= Wed Jan 01 2020
[2025-06-08, 16:39:32:166] info :	 Result: [{"description":"Running","duration":30,"date":"2023-10-01T00:00:00.000Z"},{"description":"Cycling","duration":60,"date":"2022-01-02T00:00:00.000Z"},{"description":"Hiking","duration":120,"date":"2022-02-03T00:00:00.000Z"}]
[2025-06-08, 16:39:32:170] info :	 SELECT * FROM USERS WHERE _ID=id_1
[2025-06-08, 16:39:32:170] info :	 Result: {"_id":"id_1","username":"testuser"}
[2025-06-08, 16:39:32:171] info :	 SELECT description, duration, date FROM EXERCISES WHERE USER_ID=id_1 AND DATE <= Sat Dec 31 2022
[2025-06-08, 16:39:32:171] info :	 Result: [{"description":"Swimming","duration":45,"date":"1999-10-01T00:00:00.000Z"},{"description":"Cycling","duration":60,"date":"2022-01-02T00:00:00.000Z"},{"description":"Hiking","duration":120,"date":"2022-02-03T00:00:00.000Z"}]
[2025-06-08, 16:39:32:176] info :	 SELECT * FROM USERS WHERE _ID=id_1
[2025-06-08, 16:39:32:176] info :	 Result: {"_id":"id_1","username":"testuser"}
[2025-06-08, 16:39:32:177] info :	 SELECT description, duration, date FROM EXERCISES WHERE USER_ID=id_1 AND DATE >= Sat Jan 01 2022 AND DATE <= Sat Dec 31 2022
[2025-06-08, 16:39:32:177] info :	 Result: [{"description":"Cycling","duration":60,"date":"2022-01-02T00:00:00.000Z"},{"description":"Hiking","duration":120,"date":"2022-02-03T00:00:00.000Z"}]
[2025-06-08, 16:39:32:183] info :	 SELECT * FROM USERS WHERE _ID=id_1
[2025-06-08, 16:39:32:184] info :	 Result: {"_id":"id_1","username":"testuser"}
[2025-06-08, 16:39:32:184] info :	 SELECT description, duration, date FROM EXERCISES WHERE USER_ID=id_1 AND DATE >= Sat Jan 01 2022 AND DATE <= Sat Dec 31 2022 LIMIT 1
[2025-06-08, 16:39:32:184] info :	 Result: [{"description":"Cycling","duration":60,"date":"2022-01-02T00:00:00.000Z"}]
[2025-06-08, 16:39:32:200] info :	 SELECT * FROM USERS WHERE _ID=999999
[2025-06-08, 16:39:32:201] info :	 Result: undefined
[2025-06-08, 16:49:24:103] info :	 Connected to the database
[2025-06-08, 16:49:24:157] info :	 SELECT _ID, USERNAME FROM users
[2025-06-08, 16:49:24:157] info :	 Result: []
[2025-06-08, 16:49:24:175] info :	 INSERT INTO users (USERNAME) VALUES (testuser) RETURNING ID
[2025-06-08, 16:49:24:180] info :	 Result: {"_id":"id_1"}
[2025-06-08, 16:49:24:186] info :	 SELECT _ID, USERNAME FROM users
[2025-06-08, 16:49:24:187] info :	 Result: [{"_id":"id_1","username":"testuser"}]
[2025-06-08, 16:49:24:192] info :	 INSERT INTO users (USERNAME) VALUES (testuser) RETURNING ID
[2025-06-08, 16:49:24:194] info :	 UNIQUE key violated
[2025-06-08, 16:49:24:204] info :	 SELECT _ID FROM users WHERE USERNAME=testuser
[2025-06-08, 16:49:24:205] info :	 Result: {"_id":"id_1"}
[2025-06-08, 16:49:24:210] info :	 INSERT INTO users (USERNAME) VALUES (nextuser) RETURNING ID
[2025-06-08, 16:49:24:212] info :	 Result: {"_id":"id_3"}
[2025-06-08, 16:49:24:216] info :	 SELECT _ID, USERNAME FROM users
[2025-06-08, 16:49:24:217] info :	 Result: [{"_id":"id_1","username":"testuser"},{"_id":"id_3","username":"nextuser"}]
[2025-06-08, 16:49:34:808] info :	 Connected to the database
[2025-06-08, 16:49:34:842] info :	 INSERT INTO users (USERNAME) VALUES (testuser) RETURNING ID
[2025-06-08, 16:49:34:857] info :	 Result: {"_id":"id_1"}
[2025-06-08, 16:49:34:874] info :	 SELECT * FROM USERS WHERE _ID=id_1
[2025-06-08, 16:49:34:874] info :	 Result: {"_id":"id_1","username":"testuser"}
[2025-06-08, 16:49:34:877] info :	 INSERT INTO exercises (USER_ID, DESCRIPTION, DURATION, DATE) VALUES (id_1, test exercise, 30, Sun Oct 01 2023) RETURNING _ID
[2025-06-08, 16:49:34:878] info :	 Result: {"_id":1}
[2025-06-08, 16:49:34:916] info :	 SELECT * FROM USERS WHERE _ID=id_1
[2025-06-08, 16:49:34:917] info :	 Result: {"_id":"id_1","username":"testuser"}
[2025-06-08, 16:49:34:919] info :	 INSERT INTO exercises (USER_ID, DESCRIPTION, DURATION, DATE) VALUES (id_1, test exercise without date, 60, Sun Jun 08 2025) RETURNING _ID
[2025-06-08, 16:49:34:919] info :	 Result: {"_id":2}
[2025-06-08, 16:49:34:945] info :	 SELECT * FROM USERS WHERE _ID=999999
[2025-06-08, 16:49:34:945] info :	 Result: undefined
[2025-06-08, 16:49:44:632] info :	 Connected to the database
[2025-06-08, 16:49:44:663] info :	 INSERT INTO users (USERNAME) VALUES (testuser) RETURNING ID
[2025-06-08, 16:49:44:678] info :	 Result: {"_id":"id_1"}
[2025-06-08, 16:49:44:692] info :	 SELECT * FROM USERS WHERE _ID=id_1
[2025-06-08, 16:49:44:693] info :	 Result: {"_id":"id_1","username":"testuser"}
[2025-06-08, 16:49:44:694] info :	 SELECT description, duration, date FROM EXERCISES WHERE USER_ID=id_1
[2025-06-08, 16:49:44:694] info :	 Result: []
[2025-06-08, 16:49:44:702] info :	 SELECT * FROM USERS WHERE _ID=id_1
[2025-06-08, 16:49:44:702] info :	 Result: {"_id":"id_1","username":"testuser"}
[2025-06-08, 16:49:44:705] info :	 INSERT INTO exercises (USER_ID, DESCRIPTION, DURATION, DATE) VALUES (id_1, Running, 30, Sun Oct 01 2023) RETURNING _ID
[2025-06-08, 16:49:44:705] info :	 Result: {"_id":1}
[2025-06-08, 16:49:44:709] info :	 SELECT * FROM USERS WHERE _ID=id_1
[2025-06-08, 16:49:44:709] info :	 Result: {"_id":"id_1","username":"testuser"}
[2025-06-08, 16:49:44:710] info :	 SELECT description, duration, date FROM EXERCISES WHERE USER_ID=id_1
[2025-06-08, 16:49:44:711] info :	 Result: [{"description":"Running","duration":30,"date":"2023-10-01T00:00:00.000Z"}]
[2025-06-08, 16:49:44:716] info :	 SELECT * FROM USERS WHERE _ID=id_1
[2025-06-08, 16:49:44:717] info :	 Result: {"_id":"id_1","username":"testuser"}
[2025-06-08, 16:49:44:719] info :	 INSERT INTO exercises (USER_ID, DESCRIPTION, DURATION, DATE) VALUES (id_1, Swimming, 45, Fri Oct 01 1999) RETURNING _ID
[2025-06-08, 16:49:44:719] info :	 Result: {"_id":2}
[2025-06-08, 16:49:44:724] info :	 SELECT * FROM USERS WHERE _ID=id_1
[2025-06-08, 16:49:44:724] info :	 Result: {"_id":"id_1","username":"testuser"}
[2025-06-08, 16:49:44:726] info :	 INSERT INTO exercises (USER_ID, DESCRIPTION, DURATION, DATE) VALUES (id_1, Cycling, 60, Sun Jan 02 2022) RETURNING _ID
[2025-06-08, 16:49:44:726] info :	 Result: {"_id":3}
[2025-06-08, 16:49:44:729] info :	 SELECT * FROM USERS WHERE _ID=id_1
[2025-06-08, 16:49:44:730] info :	 Result: {"_id":"id_1","username":"testuser"}
[2025-06-08, 16:49:44:731] info :	 INSERT INTO exercises (USER_ID, DESCRIPTION, DURATION, DATE) VALUES (id_1, Hiking, 120, Thu Feb 03 2022) RETURNING _ID
[2025-06-08, 16:49:44:732] info :	 Result: {"_id":4}
[2025-06-08, 16:49:44:736] info :	 SELECT * FROM USERS WHERE _ID=id_1
[2025-06-08, 16:49:44:736] info :	 Result: {"_id":"id_1","username":"testuser"}
[2025-06-08, 16:49:44:737] info :	 SELECT description, duration, date FROM EXERCISES WHERE USER_ID=id_1
[2025-06-08, 16:49:44:737] info :	 Result: [{"description":"Running","duration":30,"date":"2023-10-01T00:00:00.000Z"},{"description":"Swimming","duration":45,"date":"1999-10-01T00:00:00.000Z"},{"description":"Cycling","duration":60,"date":"2022-01-02T00:00:00.000Z"},{"description":"Hiking","duration":120,"date":"2022-02-03T00:00:00.000Z"}]
[2025-06-08, 16:49:44:744] info :	 SELECT * FROM USERS WHERE _ID=id_1
[2025-06-08, 16:49:44:744] info :	 Result: {"_id":"id_1","username":"testuser"}
[2025-06-08, 16:49:44:745] info :	 SELECT description, duration, date FROM EXERCISES WHERE USER_ID=id_1 LIMIT 2
[2025-06-08, 16:49:44:745] info :	 Result: [{"description":"Running","duration":30,"date":"2023-10-01T00:00:00.000Z"},{"description":"Swimming","duration":45,"date":"1999-10-01T00:00:00.000Z"}]
[2025-06-08, 16:49:44:755] info :	 SELECT * FROM USERS WHERE _ID=id_1
[2025-06-08, 16:49:44:755] info :	 Result: {"_id":"id_1","username":"testuser"}
[2025-06-08, 16:49:44:756] info :	 SELECT description, duration, date FROM EXERCISES WHERE USER_ID=id_1 AND DATE >= Wed Jan 01 2020
[2025-06-08, 16:49:44:756] info :	 Result: [{"description":"Running","duration":30,"date":"2023-10-01T00:00:00.000Z"},{"description":"Cycling","duration":60,"date":"2022-01-02T00:00:00.000Z"},{"description":"Hiking","duration":120,"date":"2022-02-03T00:00:00.000Z"}]
[2025-06-08, 16:49:44:760] info :	 SELECT * FROM USERS WHERE _ID=id_1
[2025-06-08, 16:49:44:760] info :	 Result: {"_id":"id_1","username":"testuser"}
[2025-06-08, 16:49:44:761] info :	 SELECT description, duration, date FROM EXERCISES WHERE USER_ID=id_1 AND DATE <= Sat Dec 31 2022
[2025-06-08, 16:49:44:761] info :	 Result: [{"description":"Swimming","duration":45,"date":"1999-10-01T00:00:00.000Z"},{"description":"Cycling","duration":60,"date":"2022-01-02T00:00:00.000Z"},{"description":"Hiking","duration":120,"date":"2022-02-03T00:00:00.000Z"}]
[2025-06-08, 16:49:44:765] info :	 SELECT * FROM USERS WHERE _ID=id_1
[2025-06-08, 16:49:44:765] info :	 Result: {"_id":"id_1","username":"testuser"}
[2025-06-08, 16:49:44:766] info :	 SELECT description, duration, date FROM EXERCISES WHERE USER_ID=id_1 AND DATE >= Sat Jan 01 2022 AND DATE <= Sat Dec 31 2022
[2025-06-08, 16:49:44:766] info :	 Result: [{"description":"Cycling","duration":60,"date":"2022-01-02T00:00:00.000Z"},{"description":"Hiking","duration":120,"date":"2022-02-03T00:00:00.000Z"}]
[2025-06-08, 16:49:44:771] info :	 SELECT * FROM USERS WHERE _ID=id_1
[2025-06-08, 16:49:44:771] info :	 Result: {"_id":"id_1","username":"testuser"}
[2025-06-08, 16:49:44:772] info :	 SELECT description, duration, date FROM EXERCISES WHERE USER_ID=id_1 AND DATE >= Sat Jan 01 2022 AND DATE <= Sat Dec 31 2022 LIMIT 1
[2025-06-08, 16:49:44:772] info :	 Result: [{"description":"Cycling","duration":60,"date":"2022-01-02T00:00:00.000Z"}]
[2025-06-08, 16:49:44:785] info :	 SELECT * FROM USERS WHERE _ID=999999
[2025-06-08, 16:49:44:785] info :	 Result: undefined
[2025-06-08, 16:49:54:970] info :	 Connected to the database
